Build started 10/3/2014 8:55:56 AM.
     1>Project "C:\Users\mdewolfe\cyclone-physics-working\build\vs2010\cyclone_vc10.vcxproj" on node 2 (Build target(s)).
     1>ClCompile:
         C:\Program Files (x86)\Microsoft Visual Studio 11.0\VC\bin\CL.exe /c /I..\include /ZI /nologo /W3 /WX- /Od /Oy- /D WIN32 /D _DEBUG /D _LIB /D _VC80_UPGRADE=0x0710 /D _MBCS /Gm- /EHsc /RTC1 /MTd /GS /fp:precise /Zc:wchar_t /Zc:forScope /Fo".\tmp\Debug/" /Fd".\tmp\Debug/vc110.pdb" /FR".\tmp\Debug\\" /Gd /TP /analyze- /errorReport:prompt ..\src\body.cpp ..\src\collide_coarse.cpp ..\src\collide_fine.cpp ..\src\contacts.cpp ..\src\core.cpp ..\src\fgen.cpp ..\src\joints.cpp ..\src\particle.cpp ..\src\pcontacts.cpp ..\src\pfgen.cpp ..\src\plinks.cpp ..\src\pworld.cpp ..\src\random.cpp ..\src\world.cpp
         body.cpp
         collide_coarse.cpp
         collide_fine.cpp
         contacts.cpp
         core.cpp
         fgen.cpp
         joints.cpp
         particle.cpp
         pcontacts.cpp
         pfgen.cpp
         plinks.cpp
         pworld.cpp
         random.cpp
         world.cpp
         Generating Code...
       Lib:
         C:\Program Files (x86)\Microsoft Visual Studio 11.0\VC\bin\Lib.exe /OUT:"..\lib\cyclone_d.lib" /NOLOGO .\tmp\Debug/body.obj
         .\tmp\Debug/collide_coarse.obj
         .\tmp\Debug/collide_fine.obj
         .\tmp\Debug/contacts.obj
         .\tmp\Debug/core.obj
         .\tmp\Debug/fgen.obj
         .\tmp\Debug/joints.obj
         .\tmp\Debug/particle.obj
         .\tmp\Debug/pcontacts.obj
         .\tmp\Debug/pfgen.obj
         .\tmp\Debug/plinks.obj
         .\tmp\Debug/pworld.obj
         .\tmp\Debug/random.obj
         .\tmp\Debug/world.obj
         cyclone_vc10.vcxproj -> C:\Users\mdewolfe\cyclone-physics-working\build\vs2010\.\..\lib\cyclone_d.lib
       BscMake:
         C:\Program Files (x86)\Microsoft Visual Studio 11.0\VC\bin\bscmake.exe /nologo /o".\..\lib\cyclone_d.bsc" .\tmp\Debug\body.sbr .\tmp\Debug\collide_coarse.sbr .\tmp\Debug\collide_fine.sbr .\tmp\Debug\contacts.sbr .\tmp\Debug\core.sbr .\tmp\Debug\fgen.sbr .\tmp\Debug\joints.sbr .\tmp\Debug\particle.sbr .\tmp\Debug\pcontacts.sbr .\tmp\Debug\pfgen.sbr .\tmp\Debug\plinks.sbr .\tmp\Debug\pworld.sbr .\tmp\Debug\random.sbr .\tmp\Debug\world.sbr
     1>Done Building Project "C:\Users\mdewolfe\cyclone-physics-working\build\vs2010\cyclone_vc10.vcxproj" (Build target(s)).

Build succeeded.

Time Elapsed 00:00:02.94
