C:\USERS\MDEWOLFE\CYCLONE-PHYSICS\BUILD\LIB\CYCLONE_D.BSC
C:\USERS\MDEWOLFE\CYCLONE-PHYSICS\BUILD\VS2010\TMP\DEBUG\BODY.SBR
C:\USERS\MDEWOLFE\CYCLONE-PHYSICS\BUILD\VS2010\TMP\DEBUG\COLLIDE_COARSE.SBR
C:\USERS\MDEWOLFE\CYCLONE-PHYSICS\BUILD\VS2010\TMP\DEBUG\COLLIDE_FINE.SBR
C:\USERS\MDEWOLFE\CYCLONE-PHYSICS\BUILD\VS2010\TMP\DEBUG\CONTACTS.SBR
C:\USERS\MDEWOLFE\CYCLONE-PHYSICS\BUILD\VS2010\TMP\DEBUG\CORE.SBR
C:\USERS\MDEWOLFE\CYCLONE-PHYSICS\BUILD\VS2010\TMP\DEBUG\FGEN.SBR
C:\USERS\MDEWOLFE\CYCLONE-PHYSICS\BUILD\VS2010\TMP\DEBUG\JOINTS.SBR
C:\USERS\MDEWOLFE\CYCLONE-PHYSICS\BUILD\VS2010\TMP\DEBUG\PARTICLE.SBR
C:\USERS\MDEWOLFE\CYCLONE-PHYSICS\BUILD\VS2010\TMP\DEBUG\PCONTACTS.SBR
C:\USERS\MDEWOLFE\CYCLONE-PHYSICS\BUILD\VS2010\TMP\DEBUG\PFGEN.SBR
C:\USERS\MDEWOLFE\CYCLONE-PHYSICS\BUILD\VS2010\TMP\DEBUG\PLINKS.SBR
C:\USERS\MDEWOLFE\CYCLONE-PHYSICS\BUILD\VS2010\TMP\DEBUG\PWORLD.SBR
C:\USERS\MDEWOLFE\CYCLONE-PHYSICS\BUILD\VS2010\TMP\DEBUG\RANDOM.SBR
C:\USERS\MDEWOLFE\CYCLONE-PHYSICS\BUILD\VS2010\TMP\DEBUG\WORLD.SBR
C:\USERS\MDEWOLFE\CYCLONE-PHYSICS\BUILD\VS2010\TMP\DEBUG\WORLD.OBJ
C:\USERS\MDEWOLFE\CYCLONE-PHYSICS\BUILD\VS2010\TMP\DEBUG\RANDOM.OBJ
C:\USERS\MDEWOLFE\CYCLONE-PHYSICS\BUILD\VS2010\TMP\DEBUG\PWORLD.OBJ
C:\USERS\MDEWOLFE\CYCLONE-PHYSICS\BUILD\VS2010\TMP\DEBUG\PLINKS.OBJ
C:\USERS\MDEWOLFE\CYCLONE-PHYSICS\BUILD\VS2010\TMP\DEBUG\PFGEN.OBJ
C:\USERS\MDEWOLFE\CYCLONE-PHYSICS\BUILD\VS2010\TMP\DEBUG\PCONTACTS.OBJ
C:\USERS\MDEWOLFE\CYCLONE-PHYSICS\BUILD\VS2010\TMP\DEBUG\PARTICLE.OBJ
C:\USERS\MDEWOLFE\CYCLONE-PHYSICS\BUILD\VS2010\TMP\DEBUG\JOINTS.OBJ
C:\USERS\MDEWOLFE\CYCLONE-PHYSICS\BUILD\VS2010\TMP\DEBUG\FGEN.OBJ
C:\USERS\MDEWOLFE\CYCLONE-PHYSICS\BUILD\VS2010\TMP\DEBUG\CORE.OBJ
C:\USERS\MDEWOLFE\CYCLONE-PHYSICS\BUILD\VS2010\TMP\DEBUG\CONTACTS.OBJ
C:\USERS\MDEWOLFE\CYCLONE-PHYSICS\BUILD\VS2010\TMP\DEBUG\COLLIDE_FINE.OBJ
C:\USERS\MDEWOLFE\CYCLONE-PHYSICS\BUILD\VS2010\TMP\DEBUG\COLLIDE_COARSE.OBJ
C:\USERS\MDEWOLFE\CYCLONE-PHYSICS\BUILD\VS2010\TMP\DEBUG\BODY.OBJ
C:\USERS\MDEWOLFE\CYCLONE-PHYSICS\BUILD\VS2010\TMP\DEBUG\VC110.PDB
C:\USERS\MDEWOLFE\CYCLONE-PHYSICS\BUILD\LIB\CYCLONE_D.LIB
C:\Users\mdewolfe\cyclone-physics\build\vs2010\tmp\Debug\body.obj
C:\Users\mdewolfe\cyclone-physics\build\vs2010\tmp\Debug\collide_coarse.obj
C:\Users\mdewolfe\cyclone-physics\build\vs2010\tmp\Debug\collide_fine.obj
C:\Users\mdewolfe\cyclone-physics\build\vs2010\tmp\Debug\contacts.obj
C:\Users\mdewolfe\cyclone-physics\build\vs2010\tmp\Debug\core.obj
C:\Users\mdewolfe\cyclone-physics\build\vs2010\tmp\Debug\fgen.obj
C:\Users\mdewolfe\cyclone-physics\build\vs2010\tmp\Debug\joints.obj
C:\Users\mdewolfe\cyclone-physics\build\vs2010\tmp\Debug\particle.obj
C:\Users\mdewolfe\cyclone-physics\build\vs2010\tmp\Debug\pcontacts.obj
C:\Users\mdewolfe\cyclone-physics\build\vs2010\tmp\Debug\pfgen.obj
C:\Users\mdewolfe\cyclone-physics\build\vs2010\tmp\Debug\plinks.obj
C:\Users\mdewolfe\cyclone-physics\build\vs2010\tmp\Debug\pworld.obj
C:\Users\mdewolfe\cyclone-physics\build\vs2010\tmp\Debug\random.obj
C:\Users\mdewolfe\cyclone-physics\build\vs2010\tmp\Debug\world.obj
C:\Users\mdewolfe\cyclone-physics\build\vs2010\tmp\Debug\BscMake.command.1.tlog
C:\Users\mdewolfe\cyclone-physics\build\vs2010\tmp\Debug\bscmake.read.1.tlog
C:\Users\mdewolfe\cyclone-physics\build\vs2010\tmp\Debug\bscmake.write.1.tlog
C:\Users\mdewolfe\cyclone-physics\build\vs2010\tmp\Debug\cl.command.1.tlog
C:\Users\mdewolfe\cyclone-physics\build\vs2010\tmp\Debug\CL.read.1.tlog
C:\Users\mdewolfe\cyclone-physics\build\vs2010\tmp\Debug\CL.write.1.tlog
C:\Users\mdewolfe\cyclone-physics\build\vs2010\tmp\Debug\Lib-link.read.1.tlog
C:\Users\mdewolfe\cyclone-physics\build\vs2010\tmp\Debug\Lib-link.write.1.tlog
C:\Users\mdewolfe\cyclone-physics\build\vs2010\tmp\Debug\lib.command.1.tlog
C:\Users\mdewolfe\cyclone-physics\build\vs2010\tmp\Debug\vc110.idb
C:\Users\mdewolfe\cyclone-physics\build\vs2010\tmp\Debug\vc110.pdb
C:\Users\mdewolfe\cyclone-physics\build\vs2010\tmp\Debug\body.sbr
C:\Users\mdewolfe\cyclone-physics\build\vs2010\tmp\Debug\collide_coarse.sbr
C:\Users\mdewolfe\cyclone-physics\build\vs2010\tmp\Debug\collide_fine.sbr
C:\Users\mdewolfe\cyclone-physics\build\vs2010\tmp\Debug\contacts.sbr
C:\Users\mdewolfe\cyclone-physics\build\vs2010\tmp\Debug\core.sbr
C:\Users\mdewolfe\cyclone-physics\build\vs2010\tmp\Debug\fgen.sbr
C:\Users\mdewolfe\cyclone-physics\build\vs2010\tmp\Debug\joints.sbr
C:\Users\mdewolfe\cyclone-physics\build\vs2010\tmp\Debug\particle.sbr
C:\Users\mdewolfe\cyclone-physics\build\vs2010\tmp\Debug\pcontacts.sbr
C:\Users\mdewolfe\cyclone-physics\build\vs2010\tmp\Debug\pfgen.sbr
C:\Users\mdewolfe\cyclone-physics\build\vs2010\tmp\Debug\plinks.sbr
C:\Users\mdewolfe\cyclone-physics\build\vs2010\tmp\Debug\pworld.sbr
C:\Users\mdewolfe\cyclone-physics\build\vs2010\tmp\Debug\random.sbr
C:\Users\mdewolfe\cyclone-physics\build\vs2010\tmp\Debug\world.sbr
C:\Users\mdewolfe\cyclone-physics\build\vs2010\.\..\lib\cyclone_d.lib
