C:\USERS\MDEWOLFE\CYCLONE-PHYSICS-WORKING\BUILD\TMP\BALLISTIC\DEBUG\BALLISTIC.OBJ
C:\USERS\MDEWOLFE\CYCLONE-PHYSICS-WORKING\BUILD\TMP\BALLISTIC\DEBUG\APP.OBJ
C:\USERS\MDEWOLFE\CYCLONE-PHYSICS-WORKING\BUILD\TMP\BALLISTIC\DEBUG\TIMING.OBJ
C:\USERS\MDEWOLFE\CYCLONE-PHYSICS-WORKING\BUILD\TMP\BALLISTIC\DEBUG\VC110.PDB
C:\USERS\MDEWOLFE\CYCLONE-PHYSICS-WORKING\BUILD\TMP\BALLISTIC\DEBUG\MAIN1.OBJ
C:\USERS\MDEWOLFE\CYCLONE-PHYSICS-WORKING\BUILD\TMP\BALLISTIC\DEBUG\LAUNCHER.OBJ
C:\USERS\MDEWOLFE\CYCLONE-PHYSICS-WORKING\BUILD\BIN\BALLISTIC_D.ILK
C:\USERS\MDEWOLFE\CYCLONE-PHYSICS-WORKING\BUILD\BIN\BALLISTIC_D.EXE
C:\USERS\MDEWOLFE\CYCLONE-PHYSICS-WORKING\BUILD\TMP\BALLISTIC\DEBUG\BALLISTIC.PDB
C:\Users\mdewolfe\cyclone-physics-working\build\tmp\ballistic\Debug\app.obj
C:\Users\mdewolfe\cyclone-physics-working\build\tmp\ballistic\Debug\ballistic.obj
C:\Users\mdewolfe\cyclone-physics-working\build\tmp\ballistic\Debug\Launcher.obj
C:\Users\mdewolfe\cyclone-physics-working\build\tmp\ballistic\Debug\main1.obj
C:\Users\mdewolfe\cyclone-physics-working\build\tmp\ballistic\Debug\timing.obj
C:\Users\mdewolfe\cyclone-physics-working\build\tmp\ballistic\Debug\cl.command.1.tlog
C:\Users\mdewolfe\cyclone-physics-working\build\tmp\ballistic\Debug\CL.read.1.tlog
C:\Users\mdewolfe\cyclone-physics-working\build\tmp\ballistic\Debug\CL.write.1.tlog
C:\Users\mdewolfe\cyclone-physics-working\build\tmp\ballistic\Debug\link-cvtres.read.1.tlog
C:\Users\mdewolfe\cyclone-physics-working\build\tmp\ballistic\Debug\link-cvtres.write.1.tlog
C:\Users\mdewolfe\cyclone-physics-working\build\tmp\ballistic\Debug\link-rc.read.1.tlog
C:\Users\mdewolfe\cyclone-physics-working\build\tmp\ballistic\Debug\link-rc.write.1.tlog
C:\Users\mdewolfe\cyclone-physics-working\build\tmp\ballistic\Debug\link.4416-cvtres.read.1.tlog
C:\Users\mdewolfe\cyclone-physics-working\build\tmp\ballistic\Debug\link.4416-cvtres.write.1.tlog
C:\Users\mdewolfe\cyclone-physics-working\build\tmp\ballistic\Debug\link.4416-rc.read.1.tlog
C:\Users\mdewolfe\cyclone-physics-working\build\tmp\ballistic\Debug\link.4416-rc.write.1.tlog
C:\Users\mdewolfe\cyclone-physics-working\build\tmp\ballistic\Debug\link.4416.read.1.tlog
C:\Users\mdewolfe\cyclone-physics-working\build\tmp\ballistic\Debug\link.4416.write.1.tlog
C:\Users\mdewolfe\cyclone-physics-working\build\tmp\ballistic\Debug\link.672-cvtres.read.1.tlog
C:\Users\mdewolfe\cyclone-physics-working\build\tmp\ballistic\Debug\link.672-cvtres.write.1.tlog
C:\Users\mdewolfe\cyclone-physics-working\build\tmp\ballistic\Debug\link.672-rc.read.1.tlog
C:\Users\mdewolfe\cyclone-physics-working\build\tmp\ballistic\Debug\link.672-rc.write.1.tlog
C:\Users\mdewolfe\cyclone-physics-working\build\tmp\ballistic\Debug\link.672.read.1.tlog
C:\Users\mdewolfe\cyclone-physics-working\build\tmp\ballistic\Debug\link.672.write.1.tlog
C:\Users\mdewolfe\cyclone-physics-working\build\tmp\ballistic\Debug\link.command.1.tlog
C:\Users\mdewolfe\cyclone-physics-working\build\tmp\ballistic\Debug\link.read.1.tlog
C:\Users\mdewolfe\cyclone-physics-working\build\tmp\ballistic\Debug\link.read.2.tlog
C:\Users\mdewolfe\cyclone-physics-working\build\tmp\ballistic\Debug\link.write.1.tlog
C:\Users\mdewolfe\cyclone-physics-working\build\tmp\ballistic\Debug\vc110.idb
C:\Users\mdewolfe\cyclone-physics-working\build\tmp\ballistic\Debug\ballistic.pdb
C:\Users\mdewolfe\cyclone-physics-working\build\tmp\ballistic\Debug\vc110.pdb
C:\Users\mdewolfe\cyclone-physics-working\build\vs2010\..\bin\ballistic_d.exe
